<?xml version="1.0"?>
<testsuites>
 <testsuite name="GetStockPrice_apitest" package="nopCommerce.suite" timestamp="2020-06-24 14:45:24.347 -0500"
 tests="1"  failures="1" errors="0" time="5.167779">
  <properties>
   <property name="RunDate" value="2020-06-24 14:45:24.347 -0500"/>
   <property name="Status" value="Failure"/>
  </properties>
  <testcase name="GetStockPrice.apitest" assertions="2" status="failure"  time="5.15883">
    <failure type="FAILURE" message="AssertionFailed  (assertion: myStockPrice is expectedStockPrice; actually: 366 IS NOT equal to 6.15) -- Execution Time 0:00:05 GetStockPrice.apitest" />
  </testcase>
 </testsuite>
</testsuites>
