<?xml version="1.0"?>
<testsuites>
 <testsuite name="CustomerKing_pwd_script" package="nopCommerce.suite" timestamp="2020-08-13 14:44:03.612 -0500"
 tests="1"  failures="0" errors="0" time="0.796155">
  <properties>
   <property name="RunDate" value="2020-08-13 14:44:03.612 -0500"/>
   <property name="Status" value="Aborted"/>
  </properties>
  <testcase name="CustomerKing_pwd.script" assertions="1" status="failure"  time="0.792076">
    <failure type="FAILURE" message="See main script" />
  </testcase>
 </testsuite>
</testsuites>
