<?xml version="1.0"?>
<testsuites>
 <testsuite name="navLaptops_script" package="nopCommerce.suite" timestamp="2020-07-14 14:25:49.152 -0500"
 tests="1"  failures="1" errors="1" time="17.942137">
  <properties>
   <property name="RunDate" value="2020-07-14 14:25:49.152 -0500"/>
   <property name="Status" value="Failure"/>
  </properties>
  <testcase name="navLaptops.script" assertions="1" status="error"  time="17.938894">
    <failure type="FAILURE" message="Image Not Found click Error - No Image Found On Screen: &quot;Computers&quot; -- Execution Time 0:00:17 navLaptops.script" />
    <error type="Exception" message="No Image Found On Screen: &quot;Computers&quot;" />
  </testcase>
 </testsuite>
</testsuites>
