<?xml version="1.0"?>
<testsuites>
 <testsuite name="go2Login_script" package="nopCommerce.suite" timestamp="2020-05-14 10:38:27.453 -0500"
 tests="1"  failures="1" errors="0" time="6.008757">
  <properties>
   <property name="RunDate" value="2020-05-14 10:38:27.453 -0500"/>
   <property name="Status" value="Failure"/>
  </properties>
  <testcase name="go2Login.script" assertions="1" status="failure"  time="6.004149">
    <failure type="FAILURE" message="AssertionFailed (false: ImageFound(&quot;go2loginCommerce&quot;)) -- Execution Time 0:00:06 go2Login.script" />
  </testcase>
 </testsuite>
</testsuites>
