<?xml version="1.0"?>
<testsuites>
 <testsuite name="FeatureFile_feature" package="nopCommerce.suite" timestamp="2020-06-08 16:15:03.250 -0500"
 tests="1"  failures="1" errors="0" time="0.003003">
  <properties>
   <property name="RunDate" value="2020-06-08 16:15:03.250 -0500"/>
   <property name="Status" value="Failure"/>
  </properties>
  <testcase name="FeatureFile.feature" assertions="1" status="failure"  time="0.000168">
    <failure type="FAILURE" message="Gherkin compile error -- Parser errors:\n(26:1): expected: #EOF, #TableRow, #DocStringSeparator, #StepLine, #TagLine, #ScenarioLine, #ScenarioOutlineLine, #Comment, #Empty, got 'I'm' -- Execution Time 0:00:00 FeatureFile.feature" />
  </testcase>
 </testsuite>
</testsuites>
