<?xml version="1.0"?>
<testsuites>
 <testsuite name="customerIsKing_username_script" package="nopCommerce.suite" timestamp="2020-08-17 15:54:04.655 -0500"
 tests="1"  failures="1" errors="1" time="20.515529">
  <properties>
   <property name="RunDate" value="2020-08-17 15:54:04.655 -0500"/>
   <property name="Status" value="Failure"/>
  </properties>
  <testcase name="customerIsKing_username.script" assertions="1" status="error"  time="20.511548">
    <failure type="FAILURE" message="Image not found Image not found while scrolling Up. -- Execution Time 0:00:20 customerIsKing_username.script" />
    <error type="Throw" message="Image not found - Image not found while scrolling Up." />
  </testcase>
 </testsuite>
</testsuites>
