<?xml version="1.0"?>
<testsuites>
 <testsuite name="emr/Validate_script" package="customerIsKing.suite" timestamp="2020-11-02 17:30:58.712 -0600"
 tests="1"  failures="1" errors="0" time="0.004400">
  <properties>
   <property name="RunDate" value="2020-11-02 17:30:58.712 -0600"/>
   <property name="Status" value="Failure"/>
  </properties>
  <testcase name="emr/Validate.script" assertions="1" status="failure"  time="0.000884">
    <failure type="FAILURE" message="SenseTalk Compiler Exception in emr_validate:\nSyntax Error at line 30: Syntax Error - can't understand [end of script] at character 1 -- Execution Time 0:00:00 emr/Validate.script" />
  </testcase>
 </testsuite>
</testsuites>
