<?xml version="1.0"?>
<testsuites>
 <testsuite name="go2Login_script" package="DesktopExercise.suite" timestamp="2020-04-14 18:39:02.544 -0500"
 tests="1"  failures="1" errors="1" time="12.836011">
  <properties>
   <property name="RunDate" value="2020-04-14 18:39:02.544 -0500"/>
   <property name="Status" value="Failure"/>
  </properties>
  <testcase name="go2Login.script" assertions="1" status="error"  time="12.830319">
    <failure type="FAILURE" message="Image Not Found click Error - No Image Found On Screen: &quot;go2loginCommerce&quot; -- Execution Time 0:00:12 go2Login.script" />
    <error type="Exception" message="No Image Found On Screen: &quot;go2loginCommerce&quot;" />
  </testcase>
 </testsuite>
</testsuites>
