<?xml version="1.0"?>
<testsuites>
 <testsuite name="navLaptops_script" package="customerIsKing.suite" timestamp="2020-10-08 14:09:36.269 -0500"
 tests="1"  failures="1" errors="1" time="17.550316">
  <properties>
   <property name="RunDate" value="2020-10-08 14:09:36.269 -0500"/>
   <property name="Status" value="Failure"/>
  </properties>
  <testcase name="navLaptops.script" assertions="1" status="error"  time="17.547591">
    <failure type="FAILURE" message="Image Not Found click Error - No Image Found On Screen: &quot;Computers&quot; -- Execution Time 0:00:17 navLaptops.script" />
    <error type="Exception" message="No Image Found On Screen: &quot;Computers&quot;" />
  </testcase>
 </testsuite>
</testsuites>
