<?xml version="1.0"?>
<testsuites>
 <testsuite name="navLaptops_script" package="customerIsKing.suite" timestamp="2020-10-27 08:56:50.720 -0500"
 tests="1"  failures="2" errors="0" time="8.080184">
  <properties>
   <property name="RunDate" value="2020-10-27 08:56:50.720 -0500"/>
   <property name="Status" value="Failure"/>
  </properties>
  <testcase name="navLaptops.script" assertions="1" status="failure"  time="8.077628">
    <failure type="LogError" message="1,800.00 does not match 1,700.00" />
    <failure type="FAILURE" message="Script Error Number of Errors logged: 1 -- Execution Time 0:00:08 navLaptops.script" />
  </testcase>
 </testsuite>
</testsuites>
