<?xml version="1.0"?>
<testsuites>
 <testsuite name="mobileNavDesktop_script" package="nopCommerce.suite" timestamp="2020-08-13 13:36:00.801 -0500"
 tests="1"  failures="1" errors="1" time="14.037607">
  <properties>
   <property name="RunDate" value="2020-08-13 13:36:00.801 -0500"/>
   <property name="Status" value="Failure"/>
  </properties>
  <testcase name="mobileNavDesktop.script" assertions="1" status="error"  time="14.033065">
    <failure type="FAILURE" message="Image not found Image not found while scrolling up. -- Execution Time 0:00:14 mobileNavDesktop.script" />
    <error type="Throw" message="Image not found - Image not found while scrolling up." />
  </testcase>
 </testsuite>
</testsuites>
