<?xml version="1.0"?>
<testsuites>
 <testsuite name="navLaptops_script" package="nopCommerce.suite" timestamp="2020-07-15 14:39:21.938 -0500"
 tests="1"  failures="1" errors="0" time="4.385022">
  <properties>
   <property name="RunDate" value="2020-07-15 14:39:21.938 -0500"/>
   <property name="Status" value="Failure"/>
  </properties>
  <testcase name="navLaptops.script" assertions="1" status="failure"  time="4.379725">
    <failure type="FAILURE" message="AssertionFailed  (assertion: actualPrice is expectedPrice; actually: 1,800.00 IS NOT equal to 1500.00) -- Execution Time 0:00:04 navLaptops.script" />
  </testcase>
 </testsuite>
</testsuites>
