<?xml version="1.0"?>
<testsuites>
 <testsuite name="checkout_script" package="customerIsKing.suite" timestamp="2020-08-26 10:18:22.889 -0500"
 tests="1"  failures="1" errors="1" time="23.123588">
  <properties>
   <property name="RunDate" value="2020-08-26 10:18:22.889 -0500"/>
   <property name="Status" value="Failure"/>
  </properties>
  <testcase name="checkout.script" assertions="1" status="error"  time="23.118774">
    <failure type="FAILURE" message="Image not found Image not found while scrolling up. -- Execution Time 0:00:23 checkout.script" />
    <error type="Throw" message="Image not found - Image not found while scrolling up." />
  </testcase>
 </testsuite>
</testsuites>
