<?xml version="1.0"?>
<testsuites>
 <testsuite name="go2Login_script" package="nopCommerce.suite" timestamp="2020-05-14 10:37:51.847 -0500"
 tests="1"  failures="1" errors="1" time="15.273190">
  <properties>
   <property name="RunDate" value="2020-05-14 10:37:51.847 -0500"/>
   <property name="Status" value="Failure"/>
  </properties>
  <testcase name="go2Login.script" assertions="1" status="error"  time="15.269378">
    <failure type="FAILURE" message="Image Not Found waitfor Error - Unable To Find Any Image On Screen &quot;NopCommerce_Logo&quot; within 10.00 seconds -- Execution Time 0:00:15 go2Login.script" />
    <error type="Exception" message="Unable To Find Any Image On Screen &quot;NopCommerce_Logo&quot; within 10.00 seconds" />
  </testcase>
 </testsuite>
</testsuites>
