<?xml version="1.0"?>
<testsuites>
 <testsuite name="go2Login_script" package="customerIsKing.suite" timestamp="2020-11-02 17:02:23.657 -0600"
 tests="1"  failures="1" errors="1" time="9.665115">
  <properties>
   <property name="RunDate" value="2020-11-02 17:02:23.657 -0600"/>
   <property name="Status" value="Failure"/>
  </properties>
  <testcase name="go2Login.script" assertions="1" status="error"  time="9.660691">
    <failure type="FAILURE" message="Image Not Found click Error - No Image Found On Screen: &quot;go2loginCommerce&quot; -- Execution Time 0:00:09 go2Login.script" />
    <error type="Exception" message="No Image Found On Screen: &quot;go2loginCommerce&quot;" />
  </testcase>
 </testsuite>
</testsuites>
